VirtualBox XPCOM Server 5.2.0 r118415 linux.amd64 (Oct 18 2017 21:39:48) release log
00:00:00.000284 main     Log opened 2017-11-08T11:08:59.845175000Z
00:00:00.000287 main     Build Type: release
00:00:00.000289 main     OS Product: Linux
00:00:00.000290 main     OS Release: 4.13.11-1-ARCH
00:00:00.000291 main     OS Version: #1 SMP PREEMPT Thu Nov 2 10:25:56 CET 2017
00:00:00.000311 main     DMI Product Name: 80SR
00:00:00.000322 main     DMI Product Version: Lenovo ideapad 510-15ISK
00:00:00.000371 main     Host RAM: 7893MB (7.7GB) total, 5024MB (4.9GB) available
00:00:00.000375 main     Executable: /usr/lib/virtualbox/VBoxSVC
00:00:00.000376 main     Process ID: 24986
00:00:00.000378 main     Package type: LINUX_64BITS_GENERIC (OSE)
00:00:00.003587 main     IPC socket path: /tmp/.vbox-chris-ipc/ipcd
00:00:00.112327 nspr-2   VirtualBox: object creation starts
00:00:00.112404 nspr-2   Home directory: '/home/chris/.config/VirtualBox'
00:00:00.112820 nspr-2   Loading settings file "/home/chris/.config/VirtualBox/VirtualBox.xml" with version "1.12-linux"
00:00:00.122359 nspr-2   NetIfAdpCtlOut: VBoxNetAdpCtl: Error while retrieving link speed for wlp2s0: VBoxNetAdpCtl: ioctl failed: Operation not supported
00:00:00.129890 nspr-2   NAT: resolv.conf: nameserver 192.168.1.1
00:00:00.129920 nspr-2   HostDnsMonitor: old information
00:00:00.129924 nspr-2     no server entries
00:00:00.129927 nspr-2     no domain set
00:00:00.129930 nspr-2     no search string entries
00:00:00.129932 nspr-2   HostDnsMonitor: new information
00:00:00.129935 nspr-2     server 1: 192.168.1.1
00:00:00.129938 nspr-2     domain: home
00:00:00.129941 nspr-2     search string 1: home
00:00:00.129945 nspr-2   HostDnsMonitorProxy::notify
00:00:00.132443 nspr-2   VD: VDInit finished with VINF_SUCCESS
00:00:00.132549 nspr-2   ERROR [COM]: aRC=NS_ERROR_FAILURE (0x80004005) aIID={0eb668d2-495e-5a36-8890-29999b5f030c} aComponent={SystemPropertiesWrap} aText={Cannot determine default Guest Additions ISO location. Most likely they are not available}, preserve=false aResultDetail=0
00:00:00.195184 nspr-2   Loading settings file "/home/chris/VirtualBox VMs/Void Linux w_ i3-gaps_Plasma/Manjaro Architect.vbox" with version "1.16-linux"
00:00:00.197269 nspr-2   VirtualBox: object created
00:00:02.206204 nspr-3   Saving settings file "/home/chris/.config/VirtualBox/VirtualBox.xml" with version "1.12-linux"
00:00:02.275603 nspr-3   Saving settings file "/home/chris/.config/VirtualBox/VirtualBox.xml" with version "1.12-linux"
00:00:36.552937 nspr-4   Saving settings file "/home/chris/VirtualBox VMs/Ragata OS/Ragata OS.vbox" with version "1.16-linux"
00:00:36.849126 nspr-3   WARNING [COM]: aRC=NS_ERROR_FAILURE (0x80004005) aIID={afca788c-4477-787d-60b2-3fa70e56fbbc} aComponent={HostWrap} aText={VirtualBox is not currently allowed to access USB devices.  You can change this by adding your user to the 'vboxusers' group.  Please see the user manual for a more detailed explanation}, preserve=true  aResultDetail=0
00:00:36.856767 nspr-5   Saving settings file "/home/chris/VirtualBox VMs/Ragata OS/Ragata OS.vbox" with version "1.16-linux"
00:00:36.880113 nspr-5   Saving settings file "/home/chris/.config/VirtualBox/VirtualBox.xml" with version "1.12-linux"
00:00:36.941640 nspr-5   Saving settings file "/home/chris/VirtualBox VMs/Ragata OS/Ragata OS.vbox" with version "1.16-linux"
00:00:36.983786 nspr-4   ERROR [COM]: aRC=NS_ERROR_FAILURE (0x80004005) aIID={85cd948e-a71f-4289-281e-0ca7ad48cd89} aComponent={MachineWrap} aText={This machine does not have any snapshots}, preserve=false aResultDetail=0
00:01:30.363946 nspr-2   WARNING [COM]: aRC=NS_ERROR_FAILURE (0x80004005) aIID={afca788c-4477-787d-60b2-3fa70e56fbbc} aComponent={HostWrap} aText={VirtualBox is not currently allowed to access USB devices.  You can change this by adding your user to the 'vboxusers' group.  Please see the user manual for a more detailed explanation}, preserve=true  aResultDetail=0
00:01:30.473096 nspr-5   NetIfAdpCtlOut: VBoxNetAdpCtl: Error while retrieving link speed for wlp2s0: VBoxNetAdpCtl: ioctl failed: Operation not supported
00:01:30.485486 nspr-4   NetIfAdpCtlOut: VBoxNetAdpCtl: Error while retrieving link speed for wlp2s0: VBoxNetAdpCtl: ioctl failed: Operation not supported
00:01:30.499414 nspr-4   WARNING [COM]: aRC=NS_ERROR_FAILURE (0x80004005) aIID={afca788c-4477-787d-60b2-3fa70e56fbbc} aComponent={HostWrap} aText={VirtualBox is not currently allowed to access USB devices.  You can change this by adding your user to the 'vboxusers' group.  Please see the user manual for a more detailed explanation}, preserve=true  aResultDetail=0
00:01:30.499735 nspr-5   WARNING [COM]: aRC=NS_ERROR_FAILURE (0x80004005) aIID={afca788c-4477-787d-60b2-3fa70e56fbbc} aComponent={HostWrap} aText={VirtualBox is not currently allowed to access USB devices.  You can change this by adding your user to the 'vboxusers' group.  Please see the user manual for a more detailed explanation}, preserve=true  aResultDetail=0
00:01:42.023577 nspr-2   Saving settings file "/home/chris/.config/VirtualBox/VirtualBox.xml" with version "1.12-linux"
00:01:43.745406 nspr-3   WARNING [COM]: aRC=NS_ERROR_FAILURE (0x80004005) aIID={afca788c-4477-787d-60b2-3fa70e56fbbc} aComponent={HostWrap} aText={VirtualBox is not currently allowed to access USB devices.  You can change this by adding your user to the 'vboxusers' group.  Please see the user manual for a more detailed explanation}, preserve=true  aResultDetail=0
00:01:43.747866 nspr-4   Saving settings file "/home/chris/VirtualBox VMs/Ragata OS/Ragata OS.vbox" with version "1.16-linux"
00:01:43.802157 nspr-4   Saving settings file "/home/chris/VirtualBox VMs/Ragata OS/Ragata OS.vbox" with version "1.16-linux"
00:01:44.862883 nspr-3   WARNING [COM]: aRC=NS_ERROR_FAILURE (0x80004005) aIID={afca788c-4477-787d-60b2-3fa70e56fbbc} aComponent={HostWrap} aText={VirtualBox is not currently allowed to access USB devices.  You can change this by adding your user to the 'vboxusers' group.  Please see the user manual for a more detailed explanation}, preserve=true  aResultDetail=0
00:01:44.863320 nspr-4   WARNING [COM]: aRC=NS_ERROR_FAILURE (0x80004005) aIID={afca788c-4477-787d-60b2-3fa70e56fbbc} aComponent={HostWrap} aText={VirtualBox is not currently allowed to access USB devices.  You can change this by adding your user to the 'vboxusers' group.  Please see the user manual for a more detailed explanation}, preserve=true  aResultDetail=0
00:01:44.863470 nspr-4   ERROR [COM]: aRC=VBOX_E_OBJECT_NOT_FOUND (0x80bb0001) aIID={edba9d10-45d8-b440-1712-46ac0c9bc4c5} aComponent={ExtPackManagerWrap} aText={No extension pack by the name 'Oracle VM VirtualBox Extension Pack' was found}, preserve=false aResultDetail=0
00:01:44.895103 nspr-4   WARNING [COM]: aRC=NS_ERROR_FAILURE (0x80004005) aIID={afca788c-4477-787d-60b2-3fa70e56fbbc} aComponent={HostWrap} aText={VirtualBox is not currently allowed to access USB devices.  You can change this by adding your user to the 'vboxusers' group.  Please see the user manual for a more detailed explanation}, preserve=true  aResultDetail=0
00:01:44.895609 nspr-3   WARNING [COM]: aRC=NS_ERROR_FAILURE (0x80004005) aIID={afca788c-4477-787d-60b2-3fa70e56fbbc} aComponent={HostWrap} aText={VirtualBox is not currently allowed to access USB devices.  You can change this by adding your user to the 'vboxusers' group.  Please see the user manual for a more detailed explanation}, preserve=true  aResultDetail=0
00:01:44.942742 nspr-3   ERROR [COM]: aRC=VBOX_E_IPRT_ERROR (0x80bb0005) aIID={85cd948e-a71f-4289-281e-0ca7ad48cd89} aComponent={SessionMachine} aText={Saved screenshot data is not available (VERR_NOT_SUPPORTED)}, preserve=false aResultDetail=0
00:01:44.955359 nspr-4   NetIfAdpCtlOut: VBoxNetAdpCtl: Error while retrieving link speed for wlp2s0: VBoxNetAdpCtl: ioctl failed: Operation not supported
00:01:45.071275 nspr-3   WARNING [COM]: aRC=NS_ERROR_FAILURE (0x80004005) aIID={afca788c-4477-787d-60b2-3fa70e56fbbc} aComponent={HostWrap} aText={VirtualBox is not currently allowed to access USB devices.  You can change this by adding your user to the 'vboxusers' group.  Please see the user manual for a more detailed explanation}, preserve=true  aResultDetail=0
00:01:46.769609 nspr-6   Saving settings file "/home/chris/.config/VirtualBox/VirtualBox.xml" with version "1.12-linux"
00:01:46.809825 nspr-2   Saving settings file "/home/chris/.config/VirtualBox/VirtualBox.xml" with version "1.12-linux"
00:01:46.861082 nspr-6   Saving settings file "/home/chris/.config/VirtualBox/VirtualBox.xml" with version "1.12-linux"
00:02:33.940293 nspr-2   Saving settings file "/home/chris/VirtualBox VMs/Ragata OS/Ragata OS.vbox" with version "1.16-linux"
00:02:48.775494 nspr-3   Saving settings file "/home/chris/VirtualBox VMs/Ragata OS/Ragata OS.vbox" with version "1.16-linux"
00:05:11.257683 nspr-5   Saving settings file "/home/chris/VirtualBox VMs/Ragata OS/Ragata OS.vbox" with version "1.16-linux"
00:05:11.356670 nspr-4   ERROR [COM]: aRC=VBOX_E_IPRT_ERROR (0x80bb0005) aIID={85cd948e-a71f-4289-281e-0ca7ad48cd89} aComponent={SessionMachine} aText={Saved screenshot data is not available (VERR_NOT_SUPPORTED)}, preserve=false aResultDetail=0
00:05:18.095953 nspr-2   WARNING [COM]: aRC=NS_ERROR_FAILURE (0x80004005) aIID={afca788c-4477-787d-60b2-3fa70e56fbbc} aComponent={HostWrap} aText={VirtualBox is not currently allowed to access USB devices.  You can change this by adding your user to the 'vboxusers' group.  Please see the user manual for a more detailed explanation}, preserve=true  aResultDetail=0
00:05:18.096421 nspr-5   WARNING [COM]: aRC=NS_ERROR_FAILURE (0x80004005) aIID={afca788c-4477-787d-60b2-3fa70e56fbbc} aComponent={HostWrap} aText={VirtualBox is not currently allowed to access USB devices.  You can change this by adding your user to the 'vboxusers' group.  Please see the user manual for a more detailed explanation}, preserve=true  aResultDetail=0
00:05:18.104986 nspr-4   ERROR [COM]: aRC=VBOX_E_IPRT_ERROR (0x80bb0005) aIID={85cd948e-a71f-4289-281e-0ca7ad48cd89} aComponent={SessionMachine} aText={Saved screenshot data is not available (VERR_NOT_SUPPORTED)}, preserve=false aResultDetail=0
00:05:18.125947 nspr-4   WARNING [COM]: aRC=NS_ERROR_FAILURE (0x80004005) aIID={afca788c-4477-787d-60b2-3fa70e56fbbc} aComponent={HostWrap} aText={VirtualBox is not currently allowed to access USB devices.  You can change this by adding your user to the 'vboxusers' group.  Please see the user manual for a more detailed explanation}, preserve=true  aResultDetail=0
00:05:18.126418 nspr-3   WARNING [COM]: aRC=NS_ERROR_FAILURE (0x80004005) aIID={afca788c-4477-787d-60b2-3fa70e56fbbc} aComponent={HostWrap} aText={VirtualBox is not currently allowed to access USB devices.  You can change this by adding your user to the 'vboxusers' group.  Please see the user manual for a more detailed explanation}, preserve=true  aResultDetail=0
00:05:18.132256 nspr-2   Saving settings file "/home/chris/VirtualBox VMs/Ragata OS/Ragata OS.vbox" with version "1.16-linux"
00:05:18.860143 nspr-4   Saving settings file "/home/chris/VirtualBox VMs/Ragata OS/Ragata OS.vbox" with version "1.16-linux"
00:15:09.315352 nspr-4   Saving settings file "/home/chris/VirtualBox VMs/Ragata OS/Ragata OS.vbox" with version "1.16-linux"
00:15:25.659048 nspr-4   Saving settings file "/home/chris/VirtualBox VMs/Ragata OS/Ragata OS.vbox" with version "1.16-linux"
00:15:25.892872 nspr-6   Saving settings file "/home/chris/VirtualBox VMs/Ragata OS/Ragata OS.vbox" with version "1.16-linux"
00:15:30.204578 nspr-4   WARNING [COM]: aRC=NS_ERROR_FAILURE (0x80004005) aIID={afca788c-4477-787d-60b2-3fa70e56fbbc} aComponent={HostWrap} aText={VirtualBox is not currently allowed to access USB devices.  You can change this by adding your user to the 'vboxusers' group.  Please see the user manual for a more detailed explanation}, preserve=true  aResultDetail=0
00:15:30.205057 nspr-4   WARNING [COM]: aRC=NS_ERROR_FAILURE (0x80004005) aIID={afca788c-4477-787d-60b2-3fa70e56fbbc} aComponent={HostWrap} aText={VirtualBox is not currently allowed to access USB devices.  You can change this by adding your user to the 'vboxusers' group.  Please see the user manual for a more detailed explanation}, preserve=true  aResultDetail=0
00:15:30.205361 nspr-5   ERROR [COM]: aRC=VBOX_E_OBJECT_NOT_FOUND (0x80bb0001) aIID={edba9d10-45d8-b440-1712-46ac0c9bc4c5} aComponent={ExtPackManagerWrap} aText={No extension pack by the name 'Oracle VM VirtualBox Extension Pack' was found}, preserve=false aResultDetail=0
00:15:30.282204 nspr-4   WARNING [COM]: aRC=NS_ERROR_FAILURE (0x80004005) aIID={afca788c-4477-787d-60b2-3fa70e56fbbc} aComponent={HostWrap} aText={VirtualBox is not currently allowed to access USB devices.  You can change this by adding your user to the 'vboxusers' group.  Please see the user manual for a more detailed explanation}, preserve=true  aResultDetail=0
00:15:30.282830 nspr-4   WARNING [COM]: aRC=NS_ERROR_FAILURE (0x80004005) aIID={afca788c-4477-787d-60b2-3fa70e56fbbc} aComponent={HostWrap} aText={VirtualBox is not currently allowed to access USB devices.  You can change this by adding your user to the 'vboxusers' group.  Please see the user manual for a more detailed explanation}, preserve=true  aResultDetail=0
00:15:30.348424 nspr-3   ERROR [COM]: aRC=VBOX_E_IPRT_ERROR (0x80bb0005) aIID={85cd948e-a71f-4289-281e-0ca7ad48cd89} aComponent={SessionMachine} aText={Saved screenshot data is not available (VERR_NOT_SUPPORTED)}, preserve=false aResultDetail=0
00:15:30.364015 nspr-2   NetIfAdpCtlOut: VBoxNetAdpCtl: Error while retrieving link speed for wlp2s0: VBoxNetAdpCtl: ioctl failed: Operation not supported
00:15:30.419949 nspr-4   WARNING [COM]: aRC=NS_ERROR_FAILURE (0x80004005) aIID={afca788c-4477-787d-60b2-3fa70e56fbbc} aComponent={HostWrap} aText={VirtualBox is not currently allowed to access USB devices.  You can change this by adding your user to the 'vboxusers' group.  Please see the user manual for a more detailed explanation}, preserve=true  aResultDetail=0
00:15:31.881789 nspr-5   Saving settings file "/home/chris/.config/VirtualBox/VirtualBox.xml" with version "1.12-linux"
00:15:31.978863 nspr-6   Saving settings file "/home/chris/.config/VirtualBox/VirtualBox.xml" with version "1.12-linux"
00:38:42.707489 nspr-6   Saving settings file "/home/chris/VirtualBox VMs/Ragata OS/Ragata OS.vbox" with version "1.16-linux"
00:38:48.694329 main     VirtualBox: object deletion starts
00:38:48.694376 main     ERROR [COM]: aRC=VBOX_E_OBJECT_IN_USE (0x80bb000c) aIID={4afe423b-43e0-e9d0-82e8-ceb307940dda} aComponent={MediumWrap} aText={Medium '/home/chris/VirtualBox VMs/Void Linux w_ i3-gaps_Plasma/Void Linux w_ i3-gaps_Plasma.vdi' cannot be closed because it is still attached to 1 virtual machines}, preserve=false aResultDetail=0
00:38:48.694514 main     ERROR [COM]: aRC=VBOX_E_OBJECT_IN_USE (0x80bb000c) aIID={4afe423b-43e0-e9d0-82e8-ceb307940dda} aComponent={MediumWrap} aText={Medium '/home/chris/VirtualBox VMs/Ragata OS/Ragata OS.vdi' cannot be closed because it is still attached to 1 virtual machines}, preserve=false aResultDetail=0
00:38:48.714794 Watcher  ERROR [COM]: aRC=E_ACCESSDENIED (0x80070005) aIID={9570b9d5-f1a1-448a-10c5-e12f5285adad} aComponent={VirtualBoxWrap} aText={The object is not ready}, preserve=false aResultDetail=0
00:38:53.694853 main     {00007f1ffc017ce0} HostPowerServiceLinux::~HostPowerServiceLinux: RTThreadWait() for 5000 ms failed with VERR_TIMEOUT
00:38:53.695497 main     VirtualBox: object deleted
